# JRE version: OpenJDK Runtime Environment (8.0_242-b01) (build 1.8.0_242-release-1644-b01)
# Java VM: OpenJDK 64-Bit Server VM (25.242-b01 mixed mode windows-amd64 compressed oops)
Heap:
 PSYoungGen      total 355840K, used 140352K [0x00000000d5580000, 0x00000000ed300000, 0x0000000100000000)
  eden space 337408K, 37% used [0x00000000d5580000,0x00000000dd279290,0x00000000e9f00000)
  from space 18432K, 67% used [0x00000000ec100000,0x00000000ecd16fc0,0x00000000ed300000)
  to   space 26624K, 0% used [0x00000000e9f00000,0x00000000e9f00000,0x00000000eb900000)
 ParOldGen       total 118784K, used 50092K [0x0000000080000000, 0x0000000087400000, 0x00000000d5580000)
  object space 118784K, 42% used [0x0000000080000000,0x00000000830eb078,0x0000000087400000)
 Metaspace       used 85014K, capacity 89326K, committed 89512K, reserved 1126400K
  class space    used 11614K, capacity 12452K, committed 12464K, reserved 1048576K
GC Heap History (10 events):
Event: 44.055 GC heap before
{Heap before GC invocations=11 (full 2):
 PSYoungGen      total 208896K, used 199680K [0x00000000d5580000, 0x00000000e3780000, 0x0000000100000000)
  eden space 199680K, 100% used [0x00000000d5580000,0x00000000e1880000,0x00000000e1880000)
  from space 9216K, 0% used [0x00000000e2e80000,0x00000000e2e80000,0x00000000e3780000)
  to   space 14336K, 0% used [0x00000000e1b80000,0x00000000e1b80000,0x00000000e2980000)
 ParOldGen       total 81920K, used 15240K [0x0000000080000000, 0x0000000085000000, 0x00000000d5580000)
  object space 81920K, 18% used [0x0000000080000000,0x0000000080ee23e8,0x0000000085000000)
 Metaspace       used 51429K, capacity 53246K, committed 53544K, reserved 1095680K
  class space    used 6922K, capacity 7346K, committed 7472K, reserved 1048576K
Event: 44.095 GC heap after
Heap after GC invocations=11 (full 2):
 PSYoungGen      total 217088K, used 14318K [0x00000000d5580000, 0x00000000e8480000, 0x0000000100000000)
  eden space 202752K, 0% used [0x00000000d5580000,0x00000000d5580000,0x00000000e1b80000)
  from space 14336K, 99% used [0x00000000e1b80000,0x00000000e297bb78,0x00000000e2980000)
  to   space 20480K, 0% used [0x00000000e7080000,0x00000000e7080000,0x00000000e8480000)
 ParOldGen       total 81920K, used 24843K [0x0000000080000000, 0x0000000085000000, 0x00000000d5580000)
  object space 81920K, 30% used [0x0000000080000000,0x0000000081842e68,0x0000000085000000)
 Metaspace       used 51429K, capacity 53246K, committed 53544K, reserved 1095680K
  class space    used 6922K, capacity 7346K, committed 7472K, reserved 1048576K
}
Event: 47.273 GC heap before
{Heap before GC invocations=12 (full 2):
 PSYoungGen      total 217088K, used 86472K [0x00000000d5580000, 0x00000000e8480000, 0x0000000100000000)
  eden space 202752K, 35% used [0x00000000d5580000,0x00000000d9bf66e0,0x00000000e1b80000)
  from space 14336K, 99% used [0x00000000e1b80000,0x00000000e297bb78,0x00000000e2980000)
  to   space 20480K, 0% used [0x00000000e7080000,0x00000000e7080000,0x00000000e8480000)
 ParOldGen       total 81920K, used 24843K [0x0000000080000000, 0x0000000085000000, 0x00000000d5580000)
  object space 81920K, 30% used [0x0000000080000000,0x0000000081842e68,0x0000000085000000)
 Metaspace       used 56995K, capacity 59072K, committed 59160K, reserved 1099776K
  class space    used 7837K, capacity 8301K, committed 8368K, reserved 1048576K
Event: 47.300 GC heap after
Heap after GC invocations=12 (full 2):
 PSYoungGen      total 287232K, used 20029K [0x00000000d5580000, 0x00000000e8a00000, 0x0000000100000000)
  eden space 266752K, 0% used [0x00000000d5580000,0x00000000d5580000,0x00000000e5a00000)
  from space 20480K, 97% used [0x00000000e7080000,0x00000000e840f730,0x00000000e8480000)
  to   space 23040K, 0% used [0x00000000e5a00000,0x00000000e5a00000,0x00000000e7080000)
 ParOldGen       total 81920K, used 24851K [0x0000000080000000, 0x0000000085000000, 0x00000000d5580000)
  object space 81920K, 30% used [0x0000000080000000,0x0000000081844e68,0x0000000085000000)
 Metaspace       used 56995K, capacity 59072K, committed 59160K, reserved 1099776K
  class space    used 7837K, capacity 8301K, committed 8368K, reserved 1048576K
}
Event: 47.300 GC heap before
{Heap before GC invocations=13 (full 3):
 PSYoungGen      total 287232K, used 20029K [0x00000000d5580000, 0x00000000e8a00000, 0x0000000100000000)
  eden space 266752K, 0% used [0x00000000d5580000,0x00000000d5580000,0x00000000e5a00000)
  from space 20480K, 97% used [0x00000000e7080000,0x00000000e840f730,0x00000000e8480000)
  to   space 23040K, 0% used [0x00000000e5a00000,0x00000000e5a00000,0x00000000e7080000)
 ParOldGen       total 81920K, used 24851K [0x0000000080000000, 0x0000000085000000, 0x00000000d5580000)
  object space 81920K, 30% used [0x0000000080000000,0x0000000081844e68,0x0000000085000000)
 Metaspace       used 56995K, capacity 59072K, committed 59160K, reserved 1099776K
  class space    used 7837K, capacity 8301K, committed 8368K, reserved 1048576K
Event: 47.621 GC heap after
Heap after GC invocations=13 (full 3):
 PSYoungGen      total 287232K, used 0K [0x00000000d5580000, 0x00000000e8a00000, 0x0000000100000000)
  eden space 266752K, 0% used [0x00000000d5580000,0x00000000d5580000,0x00000000e5a00000)
  from space 20480K, 0% used [0x00000000e7080000,0x00000000e7080000,0x00000000e8480000)
  to   space 23040K, 0% used [0x00000000e5a00000,0x00000000e5a00000,0x00000000e7080000)
 ParOldGen       total 118784K, used 31894K [0x0000000080000000, 0x0000000087400000, 0x00000000d5580000)
  object space 118784K, 26% used [0x0000000080000000,0x0000000081f259f0,0x0000000087400000)
 Metaspace       used 56957K, capacity 58940K, committed 59160K, reserved 1099776K
  class space    used 7825K, capacity 8279K, committed 8368K, reserved 1048576K
}
Event: 64.306 GC heap before
{Heap before GC invocations=14 (full 3):
 PSYoungGen      total 287232K, used 266752K [0x00000000d5580000, 0x00000000e8a00000, 0x0000000100000000)
  eden space 266752K, 100% used [0x00000000d5580000,0x00000000e5a00000,0x00000000e5a00000)
  from space 20480K, 0% used [0x00000000e7080000,0x00000000e7080000,0x00000000e8480000)
  to   space 23040K, 0% used [0x00000000e5a00000,0x00000000e5a00000,0x00000000e7080000)
 ParOldGen       total 118784K, used 31894K [0x0000000080000000, 0x0000000087400000, 0x00000000d5580000)
  object space 118784K, 26% used [0x0000000080000000,0x0000000081f259f0,0x0000000087400000)
 Metaspace       used 73528K, capacity 77272K, committed 77608K, reserved 1116160K
  class space    used 10234K, capacity 10969K, committed 11056K, reserved 1048576K
Event: 64.372 GC heap after
Heap after GC invocations=14 (full 3):
 PSYoungGen      total 289792K, used 23029K [0x00000000d5580000, 0x00000000edc00000, 0x0000000100000000)
  eden space 266752K, 0% used [0x00000000d5580000,0x00000000d5580000,0x00000000e5a00000)
  from space 23040K, 99% used [0x00000000e5a00000,0x00000000e707d540,0x00000000e7080000)
  to   space 27648K, 0% used [0x00000000ec100000,0x00000000ec100000,0x00000000edc00000)
 ParOldGen       total 118784K, used 35400K [0x0000000080000000, 0x0000000087400000, 0x00000000d5580000)
  object space 118784K, 29% used [0x0000000080000000,0x0000000082292278,0x0000000087400000)
 Metaspace       used 73528K, capacity 77272K, committed 77608K, reserved 1116160K
  class space    used 10234K, capacity 10969K, committed 11056K, reserved 1048576K
}
Event: 76.676 GC heap before
{Heap before GC invocations=15 (full 3):
 PSYoungGen      total 289792K, used 289781K [0x00000000d5580000, 0x00000000edc00000, 0x0000000100000000)
  eden space 266752K, 100% used [0x00000000d5580000,0x00000000e5a00000,0x00000000e5a00000)
  from space 23040K, 99% used [0x00000000e5a00000,0x00000000e707d540,0x00000000e7080000)
  to   space 27648K, 0% used [0x00000000ec100000,0x00000000ec100000,0x00000000edc00000)
 ParOldGen       total 118784K, used 35400K [0x0000000080000000, 0x0000000087400000, 0x00000000d5580000)
  object space 118784K, 29% used [0x0000000080000000,0x0000000082292278,0x0000000087400000)
 Metaspace       used 79436K, capacity 83404K, committed 83496K, reserved 1120256K
  class space    used 11042K, capacity 11805K, committed 11824K, reserved 1048576K
Event: 76.726 GC heap after
Heap after GC invocations=15 (full 3):
 PSYoungGen      total 355840K, used 12379K [0x00000000d5580000, 0x00000000ed300000, 0x0000000100000000)
  eden space 337408K, 0% used [0x00000000d5580000,0x00000000d5580000,0x00000000e9f00000)
  from space 18432K, 67% used [0x00000000ec100000,0x00000000ecd16fc0,0x00000000ed300000)
  to   space 26624K, 0% used [0x00000000e9f00000,0x00000000e9f00000,0x00000000eb900000)
 ParOldGen       total 118784K, used 50092K [0x0000000080000000, 0x0000000087400000, 0x00000000d5580000)
  object space 118784K, 42% used [0x0000000080000000,0x00000000830eb078,0x0000000087400000)
 Metaspace       used 79436K, capacity 83404K, committed 83496K, reserved 1120256K
  class space    used 11042K, capacity 11805K, committed 11824K, reserved 1048576K
}

